c:\users\alejandropg6\desktop\physics3d_class1_handout\debug\vc141.pdb
c:\users\alejandropg6\desktop\physics3d_class1_handout\debug\vc141.idb
c:\users\alejandropg6\desktop\physics3d_class1_handout\debug\timer.obj
c:\users\alejandropg6\desktop\physics3d_class1_handout\debug\primitive.obj
c:\users\alejandropg6\desktop\physics3d_class1_handout\debug\modulewindow.obj
c:\users\alejandropg6\desktop\physics3d_class1_handout\debug\modulesceneintro.obj
c:\users\alejandropg6\desktop\physics3d_class1_handout\debug\modulerenderer3d.obj
c:\users\alejandropg6\desktop\physics3d_class1_handout\debug\moduleinput.obj
c:\users\alejandropg6\desktop\physics3d_class1_handout\debug\modulecamera3d.obj
c:\users\alejandropg6\desktop\physics3d_class1_handout\debug\moduleaudio.obj
c:\users\alejandropg6\desktop\physics3d_class1_handout\debug\main.obj
c:\users\alejandropg6\desktop\physics3d_class1_handout\debug\log.obj
c:\users\alejandropg6\desktop\physics3d_class1_handout\debug\light.obj
c:\users\alejandropg6\desktop\physics3d_class1_handout\debug\glmath.obj
c:\users\alejandropg6\desktop\physics3d_class1_handout\debug\color.obj
c:\users\alejandropg6\desktop\physics3d_class1_handout\debug\application.obj
c:\users\alejandropg6\desktop\physics3d_class1_handout\debug\3d physics - class1 handout.exe
c:\users\alejandropg6\desktop\physics3d_class1_handout\debug\3d physics - class1 handout.ilk
c:\users\alejandropg6\desktop\physics3d_class1_handout\debug\3d physics - class1 handout.pdb
c:\users\alejandropg6\desktop\physics3d_class1_handout\debug\3d physi.746cc4c3.tlog\cl.command.1.tlog
c:\users\alejandropg6\desktop\physics3d_class1_handout\debug\3d physi.746cc4c3.tlog\cl.read.1.tlog
c:\users\alejandropg6\desktop\physics3d_class1_handout\debug\3d physi.746cc4c3.tlog\cl.write.1.tlog
c:\users\alejandropg6\desktop\physics3d_class1_handout\debug\3d physi.746cc4c3.tlog\link.command.1.tlog
c:\users\alejandropg6\desktop\physics3d_class1_handout\debug\3d physi.746cc4c3.tlog\link.read.1.tlog
c:\users\alejandropg6\desktop\physics3d_class1_handout\debug\3d physi.746cc4c3.tlog\link.write.1.tlog
